<?xml version="1.0" encoding="UTF-8"?>
<!-- Generated by org.testng.reporters.JUnitReportReporter -->
<testsuite skipped="0" hostname="LAPTOP-UIFB6OJH" name="TestCases.loginpagetest" tests="2" failures="0" timestamp="2021-05-11T18:02:31 PDT" time="80.205" errors="0">
  <testcase name="invalidLoginTest" time="33.598" classname="TestCases.loginpagetest"/>
  <system-out/>
  <testcase name="loginTest" time="46.607" classname="TestCases.loginpagetest"/>
  <system-out/>
</testsuite> <!-- TestCases.loginpagetest -->
